[0227/042222.204:ERROR:ssl_client_socket_impl.cc(970)] handshake failed; returned -1, SSL error code 1, net_error -202
[0227/042224.921:ERROR:ssl_client_socket_impl.cc(970)] handshake failed; returned -1, SSL error code 1, net_error -202
[0227/042254.545:ERROR:ssl_client_socket_impl.cc(970)] handshake failed; returned -1, SSL error code 1, net_error -202
[0227/042256.339:WARNING:spdy_session.cc(2978)] Received HEADERS for invalid stream 7
[0227/042256.339:WARNING:spdy_session.cc(2978)] Received HEADERS for invalid stream 9
[0227/042256.339:WARNING:spdy_session.cc(2978)] Received HEADERS for invalid stream 11
[0227/042257.372:ERROR:ssl_client_socket_impl.cc(970)] handshake failed; returned -1, SSL error code 1, net_error -202
[0227/042258.857:ERROR:ssl_client_socket_impl.cc(970)] handshake failed; returned -1, SSL error code 1, net_error -200
[0227/042300.743:ERROR:ssl_client_socket_impl.cc(970)] handshake failed; returned -1, SSL error code 1, net_error -202
[0227/042301.653:ERROR:ssl_client_socket_impl.cc(970)] handshake failed; returned -1, SSL error code 1, net_error -113
[0227/042301.954:ERROR:ssl_client_socket_impl.cc(970)] handshake failed; returned -1, SSL error code 1, net_error -113
[0227/042303.469:WARNING:spdy_session.cc(2978)] Received HEADERS for invalid stream 73
[0227/042304.440:ERROR:ssl_client_socket_impl.cc(970)] handshake failed; returned -1, SSL error code 1, net_error -202
[0227/042306.287:WARNING:spdy_session.cc(2978)] Received HEADERS for invalid stream 1
[0227/042307.500:WARNING:spdy_session.cc(2978)] Received HEADERS for invalid stream 3
[0227/042307.501:WARNING:spdy_session.cc(2978)] Received HEADERS for invalid stream 1
[0227/042307.559:WARNING:spdy_session.cc(2933)] Received WINDOW_UPDATE for invalid stream 1
[0227/042307.563:WARNING:spdy_session.cc(2978)] Received HEADERS for invalid stream 1
[0227/042312.585:ERROR:ssl_client_socket_impl.cc(970)] handshake failed; returned -1, SSL error code 1, net_error -200
[0227/042315.862:WARNING:spdy_session.cc(2978)] Received HEADERS for invalid stream 5
[0227/042315.866:WARNING:spdy_session.cc(2978)] Received HEADERS for invalid stream 7
[0227/042320.283:ERROR:ssl_client_socket_impl.cc(970)] handshake failed; returned -1, SSL error code 1, net_error -201
[0227/042322.014:ERROR:ssl_client_socket_impl.cc(970)] handshake failed; returned -1, SSL error code 1, net_error -200
[0227/042327.675:ERROR:ssl_client_socket_impl.cc(970)] handshake failed; returned -1, SSL error code 1, net_error -200
[0227/042331.049:WARNING:spdy_session.cc(2978)] Received HEADERS for invalid stream 1
[0227/042336.651:WARNING:spdy_session.cc(2978)] Received HEADERS for invalid stream 3
[0227/042336.657:WARNING:spdy_session.cc(2978)] Received HEADERS for invalid stream 5
[0227/042340.041:ERROR:ssl_client_socket_impl.cc(970)] handshake failed; returned -1, SSL error code 1, net_error -200
[0227/042340.042:ERROR:ssl_client_socket_impl.cc(970)] handshake failed; returned -1, SSL error code 1, net_error -200
[0227/042340.322:ERROR:ssl_client_socket_impl.cc(970)] handshake failed; returned -1, SSL error code 1, net_error -113
[0227/042340.606:ERROR:ssl_client_socket_impl.cc(970)] handshake failed; returned -1, SSL error code 1, net_error -113
[0227/042343.852:WARNING:spdy_session.cc(2978)] Received HEADERS for invalid stream 3
[0227/042343.852:WARNING:spdy_session.cc(2978)] Received HEADERS for invalid stream 1
[0227/042343.858:WARNING:spdy_session.cc(2978)] Received HEADERS for invalid stream 1
[0227/042344.429:WARNING:spdy_session.cc(2978)] Received HEADERS for invalid stream 3
[0227/042344.650:WARNING:spdy_session.cc(2978)] Received HEADERS for invalid stream 23
[0227/042344.650:WARNING:spdy_session.cc(2978)] Received HEADERS for invalid stream 17
[0227/042344.650:WARNING:spdy_session.cc(2978)] Received HEADERS for invalid stream 27
[0227/042344.650:WARNING:spdy_session.cc(2978)] Received HEADERS for invalid stream 21
[0227/042344.650:WARNING:spdy_session.cc(2978)] Received HEADERS for invalid stream 29
[0227/042344.651:WARNING:spdy_session.cc(2978)] Received HEADERS for invalid stream 25
[0227/042344.651:WARNING:spdy_session.cc(2978)] Received HEADERS for invalid stream 19
[0227/042344.651:WARNING:spdy_session.cc(2978)] Received HEADERS for invalid stream 31
[0227/042344.953:ERROR:ssl_client_socket_impl.cc(970)] handshake failed; returned -1, SSL error code 1, net_error -200
[0227/042345.500:ERROR:ssl_client_socket_impl.cc(970)] handshake failed; returned -1, SSL error code 1, net_error -202
[0227/042346.305:WARNING:spdy_session.cc(2933)] Received WINDOW_UPDATE for invalid stream 1
[0227/042346.305:WARNING:spdy_session.cc(2978)] Received HEADERS for invalid stream 1
[0227/042346.326:WARNING:spdy_session.cc(2978)] Received HEADERS for invalid stream 7
[0227/042346.340:WARNING:spdy_session.cc(2978)] Received HEADERS for invalid stream 1
[0227/042346.445:WARNING:spdy_session.cc(2978)] Received HEADERS for invalid stream 9
[0227/042346.491:WARNING:spdy_session.cc(2978)] Received HEADERS for invalid stream 11
[0227/042347.883:ERROR:ssl_client_socket_impl.cc(970)] handshake failed; returned -1, SSL error code 1, net_error -200
[0227/042358.376:ERROR:ssl_client_socket_impl.cc(970)] handshake failed; returned -1, SSL error code 1, net_error -107
[0227/042358.526:ERROR:ssl_client_socket_impl.cc(970)] handshake failed; returned -1, SSL error code 1, net_error -100
[0227/042358.596:ERROR:ssl_client_socket_impl.cc(970)] handshake failed; returned -1, SSL error code 1, net_error -100
[0227/042358.640:ERROR:ssl_client_socket_impl.cc(970)] handshake failed; returned -1, SSL error code 1, net_error -107
[0227/042402.451:WARNING:spdy_session.cc(2978)] Received HEADERS for invalid stream 3
[0227/042406.876:WARNING:spdy_session.cc(2978)] Received HEADERS for invalid stream 3
[0227/042419.708:WARNING:spdy_session.cc(2978)] Received HEADERS for invalid stream 1
[0227/042419.708:WARNING:spdy_session.cc(2978)] Received HEADERS for invalid stream 3
[0227/042419.708:WARNING:spdy_session.cc(2978)] Received HEADERS for invalid stream 5
[0227/042419.708:WARNING:spdy_session.cc(2978)] Received HEADERS for invalid stream 7
[0227/042419.709:WARNING:spdy_session.cc(2978)] Received HEADERS for invalid stream 9
[0227/042419.709:WARNING:spdy_session.cc(2978)] Received HEADERS for invalid stream 11
[0227/042426.246:ERROR:ssl_client_socket_impl.cc(970)] handshake failed; returned -1, SSL error code 1, net_error -100
[0227/042426.314:ERROR:ssl_client_socket_impl.cc(970)] handshake failed; returned -1, SSL error code 1, net_error -107
[0227/042427.674:WARNING:spdy_session.cc(2978)] Received HEADERS for invalid stream 5
[0227/042429.131:ERROR:ssl_client_socket_impl.cc(970)] handshake failed; returned -1, SSL error code 1, net_error -201
[0227/042430.216:WARNING:spdy_session.cc(2978)] Received HEADERS for invalid stream 19
[0227/042431.651:WARNING:spdy_session.cc(2978)] Received HEADERS for invalid stream 5
[0227/042431.768:WARNING:spdy_session.cc(2978)] Received HEADERS for invalid stream 37
[0227/042431.873:WARNING:spdy_session.cc(2978)] Received HEADERS for invalid stream 7
[0227/042431.882:WARNING:spdy_session.cc(2978)] Received HEADERS for invalid stream 9
[0227/042431.892:WARNING:spdy_session.cc(2978)] Received HEADERS for invalid stream 11
[0227/042434.139:WARNING:spdy_session.cc(2978)] Received HEADERS for invalid stream 5
[0227/042439.687:WARNING:net_errors_win.cc(119)] Unknown error 10055 mapped to net::ERR_FAILED
[0227/042441.581:WARNING:spdy_session.cc(2978)] Received HEADERS for invalid stream 13
[0227/042441.586:WARNING:spdy_session.cc(2978)] Received HEADERS for invalid stream 23
[0227/042441.586:WARNING:spdy_session.cc(2978)] Received HEADERS for invalid stream 21
[0227/042441.586:WARNING:spdy_session.cc(2978)] Received HEADERS for invalid stream 25
[0227/042441.588:WARNING:spdy_session.cc(2978)] Received HEADERS for invalid stream 19
[0227/042441.595:WARNING:spdy_session.cc(2978)] Received HEADERS for invalid stream 17
[0227/042441.639:WARNING:spdy_session.cc(2978)] Received HEADERS for invalid stream 29
[0227/042441.639:WARNING:spdy_session.cc(2978)] Received HEADERS for invalid stream 27
[0227/042441.639:WARNING:spdy_session.cc(2978)] Received HEADERS for invalid stream 31
[0227/042441.639:WARNING:spdy_session.cc(2978)] Received HEADERS for invalid stream 39
[0227/042441.639:WARNING:spdy_session.cc(2978)] Received HEADERS for invalid stream 37
[0227/042441.639:WARNING:spdy_session.cc(2978)] Received HEADERS for invalid stream 33
[0227/042441.639:WARNING:spdy_session.cc(2978)] Received HEADERS for invalid stream 35
[0227/042441.639:WARNING:spdy_session.cc(2978)] Received HEADERS for invalid stream 41
[0227/042443.764:ERROR:ssl_client_socket_impl.cc(970)] handshake failed; returned -1, SSL error code 1, net_error -201
[0227/042454.298:WARNING:spdy_session.cc(2978)] Received HEADERS for invalid stream 1
[0227/042454.322:ERROR:ssl_client_socket_impl.cc(970)] handshake failed; returned -1, SSL error code 1, net_error -202
[0227/042456.544:ERROR:ssl_client_socket_impl.cc(970)] handshake failed; returned -1, SSL error code 1, net_error -200
[0227/042457.572:ERROR:ssl_client_socket_impl.cc(970)] handshake failed; returned -1, SSL error code 1, net_error -202
[0227/042503.602:ERROR:ssl_client_socket_impl.cc(970)] handshake failed; returned -1, SSL error code 1, net_error -200
[0227/042504.257:ERROR:ssl_client_socket_impl.cc(970)] handshake failed; returned -1, SSL error code 1, net_error -200
[0227/042505.086:ERROR:ssl_client_socket_impl.cc(970)] handshake failed; returned -1, SSL error code 1, net_error -200
[0227/042505.108:ERROR:ssl_client_socket_impl.cc(970)] handshake failed; returned -1, SSL error code 1, net_error -202
[0227/042506.068:ERROR:ssl_client_socket_impl.cc(970)] handshake failed; returned -1, SSL error code 1, net_error -107
[0227/042506.357:ERROR:ssl_client_socket_impl.cc(970)] handshake failed; returned -1, SSL error code 1, net_error -107
[0227/042508.021:WARNING:spdy_session.cc(2978)] Received HEADERS for invalid stream 1
[0227/042508.450:WARNING:spdy_session.cc(2978)] Received HEADERS for invalid stream 5
[0227/042512.194:ERROR:ssl_client_socket_impl.cc(970)] handshake failed; returned -1, SSL error code 1, net_error -200
[0227/042512.777:ERROR:ssl_client_socket_impl.cc(970)] handshake failed; returned -1, SSL error code 1, net_error -200
[0227/042513.226:ERROR:ssl_client_socket_impl.cc(970)] handshake failed; returned -1, SSL error code 1, net_error -201
[0227/042514.669:ERROR:ssl_client_socket_impl.cc(970)] handshake failed; returned -1, SSL error code 1, net_error -200
[0227/042517.537:ERROR:ssl_client_socket_impl.cc(970)] handshake failed; returned -1, SSL error code 1, net_error -159
[0227/042519.379:WARNING:spdy_session.cc(2978)] Received HEADERS for invalid stream 7
[0227/042519.391:WARNING:spdy_session.cc(2978)] Received HEADERS for invalid stream 9
[0227/042519.393:WARNING:spdy_session.cc(2978)] Received HEADERS for invalid stream 11
[0227/042519.397:WARNING:spdy_session.cc(2978)] Received HEADERS for invalid stream 13
[0227/042524.253:ERROR:ssl_client_socket_impl.cc(970)] handshake failed; returned -1, SSL error code 1, net_error -100
[0227/042524.513:ERROR:ssl_client_socket_impl.cc(970)] handshake failed; returned -1, SSL error code 1, net_error -100
[0227/042535.495:WARNING:spdy_session.cc(2978)] Received HEADERS for invalid stream 15
[0227/042538.264:WARNING:spdy_session.cc(2978)] Received HEADERS for invalid stream 11
[0227/042538.290:WARNING:spdy_session.cc(2978)] Received HEADERS for invalid stream 9
[0227/042538.899:ERROR:ssl_client_socket_impl.cc(970)] handshake failed; returned -1, SSL error code 1, net_error -200
[0227/042540.133:ERROR:ssl_client_socket_impl.cc(970)] handshake failed; returned -1, SSL error code 1, net_error -202
[0227/042540.356:WARNING:spdy_session.cc(2978)] Received HEADERS for invalid stream 9
[0227/042542.556:WARNING:spdy_session.cc(2978)] Received HEADERS for invalid stream 3
[0227/042542.575:WARNING:spdy_session.cc(2978)] Received HEADERS for invalid stream 15
[0227/042542.640:WARNING:spdy_session.cc(2978)] Received HEADERS for invalid stream 17
[0227/042544.976:WARNING:spdy_session.cc(2978)] Received HEADERS for invalid stream 15
[0227/042545.003:ERROR:ssl_client_socket_impl.cc(970)] handshake failed; returned -1, SSL error code 1, net_error -202
[0227/042548.515:ERROR:ssl_client_socket_impl.cc(970)] handshake failed; returned -1, SSL error code 1, net_error -101
[0227/042549.734:ERROR:ssl_client_socket_impl.cc(970)] handshake failed; returned -1, SSL error code 1, net_error -159
[0227/042552.212:WARNING:spdy_session.cc(2978)] Received HEADERS for invalid stream 3
[0227/042554.543:ERROR:ssl_client_socket_impl.cc(970)] handshake failed; returned -1, SSL error code 1, net_error -200
[0227/042559.224:WARNING:spdy_session.cc(2978)] Received HEADERS for invalid stream 3
[0227/042559.386:ERROR:ssl_client_socket_impl.cc(970)] handshake failed; returned -1, SSL error code 1, net_error -200
[0227/042559.905:WARNING:spdy_session.cc(2978)] Received HEADERS for invalid stream 1
[0227/042602.798:ERROR:ssl_client_socket_impl.cc(970)] handshake failed; returned -1, SSL error code 1, net_error -200
[0227/042606.240:WARNING:spdy_session.cc(2978)] Received HEADERS for invalid stream 115
[0227/042606.920:WARNING:spdy_session.cc(2978)] Received HEADERS for invalid stream 1
[0227/042607.685:ERROR:ssl_client_socket_impl.cc(970)] handshake failed; returned -1, SSL error code 1, net_error -100
[0227/042607.771:ERROR:ssl_client_socket_impl.cc(970)] handshake failed; returned -1, SSL error code 1, net_error -107
[0227/042608.767:ERROR:ssl_client_socket_impl.cc(970)] handshake failed; returned -1, SSL error code 1, net_error -200
[0227/042610.931:WARNING:spdy_session.cc(2978)] Received HEADERS for invalid stream 7
[0227/042618.110:WARNING:spdy_session.cc(2978)] Received HEADERS for invalid stream 1
[0227/042618.176:WARNING:spdy_session.cc(2978)] Received HEADERS for invalid stream 3
[0227/042621.044:ERROR:ssl_client_socket_impl.cc(970)] handshake failed; returned -1, SSL error code 1, net_error -100
[0227/042621.313:ERROR:ssl_client_socket_impl.cc(970)] handshake failed; returned -1, SSL error code 1, net_error -100
[0227/042621.672:ERROR:ssl_client_socket_impl.cc(970)] handshake failed; returned -1, SSL error code 1, net_error -202
[0227/042621.816:WARNING:spdy_session.cc(2978)] Received HEADERS for invalid stream 3
[0227/042622.016:ERROR:ssl_client_socket_impl.cc(970)] handshake failed; returned -1, SSL error code 1, net_error -200
[0227/042627.060:WARNING:spdy_session.cc(2978)] Received HEADERS for invalid stream 73
[0227/042629.025:WARNING:spdy_session.cc(2978)] Received HEADERS for invalid stream 19
[0227/042629.025:WARNING:spdy_session.cc(2978)] Received HEADERS for invalid stream 15
[0227/042629.028:WARNING:spdy_session.cc(2978)] Received HEADERS for invalid stream 17
[0227/042629.029:WARNING:spdy_session.cc(2978)] Received HEADERS for invalid stream 13
[0227/042629.030:WARNING:spdy_session.cc(2978)] Received HEADERS for invalid stream 23
[0227/042629.031:WARNING:spdy_session.cc(2978)] Received HEADERS for invalid stream 21
[0227/042629.462:ERROR:ssl_client_socket_impl.cc(970)] handshake failed; returned -1, SSL error code 1, net_error -200
[0227/042634.781:ERROR:ssl_client_socket_impl.cc(970)] handshake failed; returned -1, SSL error code 1, net_error -202
[0227/042642.848:ERROR:ssl_client_socket_impl.cc(970)] handshake failed; returned -1, SSL error code 1, net_error -202
[0227/042650.126:WARNING:spdy_session.cc(2978)] Received HEADERS for invalid stream 1
[0227/042700.009:WARNING:spdy_session.cc(2978)] Received HEADERS for invalid stream 5
[0227/042702.527:WARNING:spdy_session.cc(2978)] Received HEADERS for invalid stream 7
[0227/042704.019:ERROR:ssl_client_socket_impl.cc(970)] handshake failed; returned -1, SSL error code 1, net_error -200
[0227/042713.013:WARNING:spdy_session.cc(2978)] Received HEADERS for invalid stream 3
[0227/042713.224:WARNING:spdy_session.cc(2978)] Received HEADERS for invalid stream 37
[0227/042716.975:ERROR:ssl_client_socket_impl.cc(970)] handshake failed; returned -1, SSL error code 1, net_error -101
[0227/042717.206:ERROR:ssl_client_socket_impl.cc(970)] handshake failed; returned -1, SSL error code 1, net_error -101
[0227/042717.239:ERROR:ssl_client_socket_impl.cc(970)] handshake failed; returned -1, SSL error code 1, net_error -101
[0227/042724.371:WARNING:spdy_session.cc(2978)] Received HEADERS for invalid stream 1
[0227/042724.682:WARNING:spdy_session.cc(2978)] Received HEADERS for invalid stream 5
[0227/042729.277:ERROR:ssl_client_socket_impl.cc(970)] handshake failed; returned -1, SSL error code 1, net_error -101
[0227/042729.308:ERROR:ssl_client_socket_impl.cc(970)] handshake failed; returned -1, SSL error code 1, net_error -101
[0227/042734.965:ERROR:ssl_client_socket_impl.cc(970)] handshake failed; returned -1, SSL error code 1, net_error -200
[0227/042735.270:ERROR:ssl_client_socket_impl.cc(970)] handshake failed; returned -1, SSL error code 1, net_error -201
[0227/042736.958:ERROR:ssl_client_socket_impl.cc(970)] handshake failed; returned -1, SSL error code 1, net_error -200
[0227/042745.179:ERROR:ssl_client_socket_impl.cc(970)] handshake failed; returned -1, SSL error code 1, net_error -200
[0227/042745.417:ERROR:ssl_client_socket_impl.cc(970)] handshake failed; returned -1, SSL error code 1, net_error -200
[0227/042748.754:ERROR:ssl_client_socket_impl.cc(970)] handshake failed; returned -1, SSL error code 1, net_error -200
[0227/042750.212:ERROR:ssl_client_socket_impl.cc(970)] handshake failed; returned -1, SSL error code 1, net_error -200
[0227/042750.689:ERROR:ssl_client_socket_impl.cc(970)] handshake failed; returned -1, SSL error code 1, net_error -202
[0227/042803.153:ERROR:ssl_client_socket_impl.cc(970)] handshake failed; returned -1, SSL error code 1, net_error -200
[0227/042804.405:ERROR:ssl_client_socket_impl.cc(970)] handshake failed; returned -1, SSL error code 1, net_error -101
[0227/042804.435:ERROR:ssl_client_socket_impl.cc(970)] handshake failed; returned -1, SSL error code 1, net_error -101
[0227/042808.057:ERROR:ssl_client_socket_impl.cc(970)] handshake failed; returned -1, SSL error code 1, net_error -200
[0227/042808.555:ERROR:ssl_client_socket_impl.cc(970)] handshake failed; returned -1, SSL error code 1, net_error -200
[0227/042808.849:WARNING:spdy_session.cc(2978)] Received HEADERS for invalid stream 7
[0227/042808.903:WARNING:spdy_session.cc(2978)] Received HEADERS for invalid stream 3
[0227/042808.926:WARNING:spdy_session.cc(2978)] Received HEADERS for invalid stream 1
[0227/042808.939:WARNING:spdy_session.cc(2978)] Received HEADERS for invalid stream 27
[0227/042808.964:WARNING:spdy_session.cc(2978)] Received HEADERS for invalid stream 25
[0227/042808.981:WARNING:spdy_session.cc(2978)] Received HEADERS for invalid stream 23
[0227/042808.997:WARNING:spdy_session.cc(2978)] Received HEADERS for invalid stream 19
[0227/042809.012:WARNING:spdy_session.cc(2978)] Received HEADERS for invalid stream 21
[0227/042809.024:WARNING:spdy_session.cc(2978)] Received HEADERS for invalid stream 17
[0227/042809.031:WARNING:spdy_session.cc(2978)] Received HEADERS for invalid stream 15
[0227/042809.042:WARNING:spdy_session.cc(2978)] Received HEADERS for invalid stream 13
[0227/042809.049:WARNING:spdy_session.cc(2978)] Received HEADERS for invalid stream 9
[0227/042809.577:ERROR:ssl_client_socket_impl.cc(970)] handshake failed; returned -1, SSL error code 1, net_error -100
[0227/042809.839:ERROR:ssl_client_socket_impl.cc(970)] handshake failed; returned -1, SSL error code 1, net_error -100
[0227/042811.251:WARNING:spdy_session.cc(2978)] Received HEADERS for invalid stream 7
[0227/042811.252:WARNING:spdy_session.cc(2978)] Received HEADERS for invalid stream 9
[0227/042811.409:WARNING:spdy_session.cc(2978)] Received HEADERS for invalid stream 5
[0227/042811.647:WARNING:spdy_session.cc(2978)] Received HEADERS for invalid stream 19
[0227/042811.648:WARNING:spdy_session.cc(2978)] Received HEADERS for invalid stream 17
[0227/042811.694:WARNING:spdy_session.cc(2978)] Received HEADERS for invalid stream 27
[0227/042811.694:WARNING:spdy_session.cc(2978)] Received HEADERS for invalid stream 29
[0227/042811.694:WARNING:spdy_session.cc(2978)] Received HEADERS for invalid stream 23
[0227/042811.694:WARNING:spdy_session.cc(2978)] Received HEADERS for invalid stream 25
[0227/042811.694:WARNING:spdy_session.cc(2978)] Received HEADERS for invalid stream 21
[0227/042811.694:WARNING:spdy_session.cc(2978)] Received HEADERS for invalid stream 15
[0227/042811.694:WARNING:spdy_session.cc(2978)] Received HEADERS for invalid stream 41
[0227/042811.694:WARNING:spdy_session.cc(2978)] Received HEADERS for invalid stream 37
[0227/042811.694:WARNING:spdy_session.cc(2978)] Received HEADERS for invalid stream 43
[0227/042811.694:WARNING:spdy_session.cc(2978)] Received HEADERS for invalid stream 35
[0227/042811.694:WARNING:spdy_session.cc(2978)] Received HEADERS for invalid stream 39
[0227/042811.694:WARNING:spdy_session.cc(2978)] Received HEADERS for invalid stream 33
[0227/042811.694:WARNING:spdy_session.cc(2978)] Received HEADERS for invalid stream 31
[0227/042811.694:WARNING:spdy_session.cc(2978)] Received HEADERS for invalid stream 49
[0227/042811.694:WARNING:spdy_session.cc(2978)] Received HEADERS for invalid stream 45
[0227/042811.694:WARNING:spdy_session.cc(2978)] Received HEADERS for invalid stream 51
[0227/042811.694:WARNING:spdy_session.cc(2978)] Received HEADERS for invalid stream 47
[0227/042811.781:WARNING:spdy_session.cc(2978)] Received HEADERS for invalid stream 1
[0227/042812.714:WARNING:spdy_session.cc(2978)] Received HEADERS for invalid stream 25
[0227/042813.810:ERROR:ssl_client_socket_impl.cc(970)] handshake failed; returned -1, SSL error code 1, net_error -202
[0227/042814.050:ERROR:ssl_client_socket_impl.cc(970)] handshake failed; returned -1, SSL error code 1, net_error -107
[0227/042814.432:ERROR:ssl_client_socket_impl.cc(970)] handshake failed; returned -1, SSL error code 1, net_error -107
[0227/042814.684:ERROR:ssl_client_socket_impl.cc(970)] handshake failed; returned -1, SSL error code 1, net_error -200
[0227/042817.720:ERROR:ssl_client_socket_impl.cc(970)] handshake failed; returned -1, SSL error code 1, net_error -201
[0227/042818.018:ERROR:socket_manager.cc(141)] Failed to resolve address for ec2-52-23-111-175.compute-1.amazonaws.com., errorcode: -105
[0227/042824.857:ERROR:ssl_client_socket_impl.cc(970)] handshake failed; returned -1, SSL error code 1, net_error -202
[0227/042827.883:ERROR:ssl_client_socket_impl.cc(970)] handshake failed; returned -1, SSL error code 1, net_error -202
[0227/042831.960:ERROR:ssl_client_socket_impl.cc(970)] handshake failed; returned -1, SSL error code 1, net_error -101
[0227/042832.258:ERROR:ssl_client_socket_impl.cc(970)] handshake failed; returned -1, SSL error code 1, net_error -101
[0227/042833.357:ERROR:ssl_client_socket_impl.cc(970)] handshake failed; returned -1, SSL error code 1, net_error -202
[0227/042838.477:ERROR:ssl_client_socket_impl.cc(970)] handshake failed; returned -1, SSL error code 1, net_error -100
[0227/042838.749:ERROR:ssl_client_socket_impl.cc(970)] handshake failed; returned -1, SSL error code 1, net_error -100
[0227/042844.130:ERROR:ssl_client_socket_impl.cc(970)] handshake failed; returned -1, SSL error code 1, net_error -200
[0227/042844.798:ERROR:ssl_client_socket_impl.cc(970)] handshake failed; returned -1, SSL error code 1, net_error -200
[0227/042846.085:ERROR:ssl_client_socket_impl.cc(970)] handshake failed; returned -1, SSL error code 1, net_error -200
[0227/042846.305:ERROR:ssl_client_socket_impl.cc(970)] handshake failed; returned -1, SSL error code 1, net_error -200
[0227/042847.953:WARNING:spdy_session.cc(2978)] Received HEADERS for invalid stream 7
[0227/042849.205:ERROR:ssl_client_socket_impl.cc(970)] handshake failed; returned -1, SSL error code 1, net_error -107
[0227/042849.361:ERROR:ssl_client_socket_impl.cc(970)] handshake failed; returned -1, SSL error code 1, net_error -200
[0227/042849.471:ERROR:ssl_client_socket_impl.cc(970)] handshake failed; returned -1, SSL error code 1, net_error -107
[0227/042849.489:WARNING:spdy_session.cc(2978)] Received HEADERS for invalid stream 7
[0227/042849.502:WARNING:spdy_session.cc(2978)] Received HEADERS for invalid stream 9
[0227/042849.724:ERROR:ssl_client_socket_impl.cc(970)] handshake failed; returned -1, SSL error code 1, net_error -107
[0227/042850.822:WARNING:spdy_session.cc(2978)] Received HEADERS for invalid stream 3
[0227/042851.576:ERROR:ssl_client_socket_impl.cc(970)] handshake failed; returned -1, SSL error code 1, net_error -107
[0227/042851.833:ERROR:ssl_client_socket_impl.cc(970)] handshake failed; returned -1, SSL error code 1, net_error -107
[0227/042854.571:ERROR:ssl_client_socket_impl.cc(970)] handshake failed; returned -1, SSL error code 1, net_error -107
[0227/042854.839:ERROR:ssl_client_socket_impl.cc(970)] handshake failed; returned -1, SSL error code 1, net_error -107
[0227/042855.512:WARNING:spdy_session.cc(2978)] Received HEADERS for invalid stream 1
[0227/042856.570:WARNING:spdy_session.cc(2978)] Received HEADERS for invalid stream 3
[0227/042857.660:ERROR:ssl_client_socket_impl.cc(970)] handshake failed; returned -1, SSL error code 1, net_error -107
[0227/042857.903:ERROR:ssl_client_socket_impl.cc(970)] handshake failed; returned -1, SSL error code 1, net_error -107
[0227/042857.917:ERROR:ssl_client_socket_impl.cc(970)] handshake failed; returned -1, SSL error code 1, net_error -107
[0227/042859.743:ERROR:ssl_client_socket_impl.cc(970)] handshake failed; returned -1, SSL error code 1, net_error -101
[0227/042900.002:ERROR:ssl_client_socket_impl.cc(970)] handshake failed; returned -1, SSL error code 1, net_error -101
[0227/042900.458:ERROR:ssl_client_socket_impl.cc(970)] handshake failed; returned -1, SSL error code 1, net_error -200
[0227/042901.907:WARNING:spdy_session.cc(2978)] Received HEADERS for invalid stream 21
[0227/042903.595:ERROR:ssl_client_socket_impl.cc(970)] handshake failed; returned -1, SSL error code 1, net_error -202
[0227/042904.289:ERROR:ssl_client_socket_impl.cc(970)] handshake failed; returned -1, SSL error code 1, net_error -113
[0227/042904.572:ERROR:ssl_client_socket_impl.cc(970)] handshake failed; returned -1, SSL error code 1, net_error -113
[0227/042904.635:ERROR:ssl_client_socket_impl.cc(970)] handshake failed; returned -1, SSL error code 1, net_error -200
[0227/042908.979:ERROR:ssl_client_socket_impl.cc(970)] handshake failed; returned -1, SSL error code 1, net_error -100
[0227/042909.244:ERROR:ssl_client_socket_impl.cc(970)] handshake failed; returned -1, SSL error code 1, net_error -100
[0227/042911.966:ERROR:ssl_client_socket_impl.cc(970)] handshake failed; returned -1, SSL error code 1, net_error -200
[0227/042922.487:ERROR:ssl_client_socket_impl.cc(970)] handshake failed; returned -1, SSL error code 1, net_error -200
[0227/042922.825:ERROR:ssl_client_socket_impl.cc(970)] handshake failed; returned -1, SSL error code 1, net_error -202
[0227/042923.604:ERROR:ssl_client_socket_impl.cc(970)] handshake failed; returned -1, SSL error code 1, net_error -202
[0227/042923.964:ERROR:ssl_client_socket_impl.cc(970)] handshake failed; returned -1, SSL error code 1, net_error -101
[0227/042924.215:ERROR:ssl_client_socket_impl.cc(970)] handshake failed; returned -1, SSL error code 1, net_error -101
[0227/042924.222:ERROR:ssl_client_socket_impl.cc(970)] handshake failed; returned -1, SSL error code 1, net_error -101
[0227/042925.682:ERROR:ssl_client_socket_impl.cc(970)] handshake failed; returned -1, SSL error code 1, net_error -200
[0227/042926.623:ERROR:ssl_client_socket_impl.cc(970)] handshake failed; returned -1, SSL error code 1, net_error -200
[0227/042930.507:ERROR:ssl_client_socket_impl.cc(970)] handshake failed; returned -1, SSL error code 1, net_error -202
[0227/042934.483:ERROR:ssl_client_socket_impl.cc(970)] handshake failed; returned -1, SSL error code 1, net_error -202
[0227/042939.303:WARNING:spdy_session.cc(2978)] Received HEADERS for invalid stream 13
[0227/042939.305:WARNING:spdy_session.cc(2978)] Received HEADERS for invalid stream 15
[0227/042939.308:WARNING:spdy_session.cc(2978)] Received HEADERS for invalid stream 17
[0227/042939.308:WARNING:spdy_session.cc(2978)] Received HEADERS for invalid stream 25
[0227/042939.309:WARNING:spdy_session.cc(2978)] Received HEADERS for invalid stream 19
[0227/042939.310:WARNING:spdy_session.cc(2978)] Received HEADERS for invalid stream 23
[0227/042939.311:WARNING:spdy_session.cc(2978)] Received HEADERS for invalid stream 21
[0227/042943.589:ERROR:ssl_client_socket_impl.cc(970)] handshake failed; returned -1, SSL error code 1, net_error -200
[0227/042944.551:ERROR:ssl_client_socket_impl.cc(970)] handshake failed; returned -1, SSL error code 1, net_error -200
[0227/042944.869:WARNING:spdy_session.cc(2978)] Received HEADERS for invalid stream 5
[0227/042951.275:ERROR:ssl_client_socket_impl.cc(970)] handshake failed; returned -1, SSL error code 1, net_error -200
[0227/042952.120:ERROR:ssl_client_socket_impl.cc(970)] handshake failed; returned -1, SSL error code 1, net_error -200
[0227/042954.000:ERROR:tcp_socket_win.cc(876)] connect failed: 10049
[0227/042954.006:ERROR:tcp_socket_win.cc(876)] connect failed: 10049
[0227/042955.529:ERROR:ssl_client_socket_impl.cc(970)] handshake failed; returned -1, SSL error code 1, net_error -113
[0227/042955.804:ERROR:ssl_client_socket_impl.cc(970)] handshake failed; returned -1, SSL error code 1, net_error -113
[0227/042956.636:WARNING:spdy_session.cc(2978)] Received HEADERS for invalid stream 7
[0227/042957.763:ERROR:ssl_client_socket_impl.cc(970)] handshake failed; returned -1, SSL error code 1, net_error -101
[0227/042958.127:ERROR:ssl_client_socket_impl.cc(970)] handshake failed; returned -1, SSL error code 1, net_error -101
[0227/043000.375:WARNING:spdy_session.cc(2978)] Received HEADERS for invalid stream 5
[0227/043006.674:ERROR:ssl_client_socket_impl.cc(970)] handshake failed; returned -1, SSL error code 1, net_error -113
[0227/043006.935:ERROR:ssl_client_socket_impl.cc(970)] handshake failed; returned -1, SSL error code 1, net_error -113
[0227/043008.482:ERROR:ssl_client_socket_impl.cc(970)] handshake failed; returned -1, SSL error code 1, net_error -100
[0227/043008.741:ERROR:ssl_client_socket_impl.cc(970)] handshake failed; returned -1, SSL error code 1, net_error -100
[0227/043013.620:WARNING:spdy_session.cc(2978)] Received HEADERS for invalid stream 5
[0227/043013.663:ERROR:ssl_client_socket_impl.cc(970)] handshake failed; returned -1, SSL error code 1, net_error -201
[0227/043015.185:ERROR:ssl_client_socket_impl.cc(970)] handshake failed; returned -1, SSL error code 1, net_error -202
[0227/043015.999:WARNING:spdy_session.cc(2978)] Received HEADERS for invalid stream 7
[0227/043022.611:WARNING:spdy_session.cc(2978)] Received HEADERS for invalid stream 9
[0227/043031.689:ERROR:ssl_client_socket_impl.cc(970)] handshake failed; returned -1, SSL error code 1, net_error -200
[0227/043032.596:ERROR:ssl_client_socket_impl.cc(970)] handshake failed; returned -1, SSL error code 1, net_error -200
[0227/043036.803:ERROR:ssl_client_socket_impl.cc(970)] handshake failed; returned -1, SSL error code 1, net_error -202
[0227/043037.848:ERROR:ssl_client_socket_impl.cc(970)] handshake failed; returned -1, SSL error code 1, net_error -200
[0227/043039.071:ERROR:ssl_client_socket_impl.cc(970)] handshake failed; returned -1, SSL error code 1, net_error -202
[0227/043045.150:ERROR:ssl_client_socket_impl.cc(970)] handshake failed; returned -1, SSL error code 1, net_error -202
[0227/043045.231:ERROR:ssl_client_socket_impl.cc(970)] handshake failed; returned -1, SSL error code 1, net_error -200
[0227/043045.306:ERROR:ssl_client_socket_impl.cc(970)] handshake failed; returned -1, SSL error code 1, net_error -202
[0227/043045.562:ERROR:ssl_client_socket_impl.cc(970)] handshake failed; returned -1, SSL error code 1, net_error -200
[0227/043046.382:ERROR:ssl_client_socket_impl.cc(970)] handshake failed; returned -1, SSL error code 1, net_error -200
[0227/043049.822:WARNING:spdy_session.cc(2978)] Received HEADERS for invalid stream 13
[0227/043059.456:ERROR:ssl_client_socket_impl.cc(970)] handshake failed; returned -1, SSL error code 1, net_error -200
[0227/043100.885:WARNING:spdy_session.cc(2978)] Received HEADERS for invalid stream 13
[0227/043100.885:WARNING:spdy_session.cc(2978)] Received HEADERS for invalid stream 19
[0227/043100.891:WARNING:spdy_session.cc(2978)] Received HEADERS for invalid stream 21
[0227/043100.893:WARNING:spdy_session.cc(2978)] Received HEADERS for invalid stream 23
[0227/043100.895:WARNING:spdy_session.cc(2978)] Received HEADERS for invalid stream 25
[0227/043100.895:WARNING:spdy_session.cc(2978)] Received HEADERS for invalid stream 29
[0227/043100.895:WARNING:spdy_session.cc(2978)] Received HEADERS for invalid stream 27
[0227/043100.895:WARNING:spdy_session.cc(2978)] Received HEADERS for invalid stream 17
[0227/043100.895:WARNING:spdy_session.cc(2978)] Received HEADERS for invalid stream 31
[0227/043100.902:WARNING:spdy_session.cc(2978)] Received HEADERS for invalid stream 35
[0227/043100.904:WARNING:spdy_session.cc(2978)] Received HEADERS for invalid stream 33
[0227/043100.904:WARNING:spdy_session.cc(2978)] Received HEADERS for invalid stream 37
[0227/043100.910:WARNING:spdy_session.cc(2978)] Received HEADERS for invalid stream 39
[0227/043100.910:WARNING:spdy_session.cc(2978)] Received HEADERS for invalid stream 41
[0227/043100.910:WARNING:spdy_session.cc(2978)] Received HEADERS for invalid stream 43
[0227/043100.911:WARNING:spdy_session.cc(2978)] Received HEADERS for invalid stream 45
[0227/043102.050:ERROR:ssl_client_socket_impl.cc(970)] handshake failed; returned -1, SSL error code 1, net_error -200
[0227/043102.649:WARNING:spdy_session.cc(2978)] Received HEADERS for invalid stream 27
[0227/043102.649:WARNING:spdy_session.cc(2978)] Received HEADERS for invalid stream 23
[0227/043102.980:WARNING:spdy_session.cc(2978)] Received HEADERS for invalid stream 3
[0227/043122.109:ERROR:ssl_client_socket_impl.cc(970)] handshake failed; returned -1, SSL error code 1, net_error -202
[0227/043124.261:ERROR:ssl_client_socket_impl.cc(970)] handshake failed; returned -1, SSL error code 1, net_error -200
[0227/043126.399:WARNING:spdy_session.cc(2978)] Received HEADERS for invalid stream 19
[0227/043126.400:WARNING:spdy_session.cc(2978)] Received HEADERS for invalid stream 21
[0227/043129.091:ERROR:ssl_client_socket_impl.cc(970)] handshake failed; returned -1, SSL error code 1, net_error -200
[0227/043130.296:WARNING:spdy_session.cc(2978)] Received HEADERS for invalid stream 5
[0227/043130.412:WARNING:spdy_session.cc(2978)] Received HEADERS for invalid stream 1
[0227/043132.594:ERROR:ssl_client_socket_impl.cc(970)] handshake failed; returned -1, SSL error code 1, net_error -202
[0227/043132.727:WARNING:spdy_session.cc(2710)] Received RST for invalid stream1
[0227/043134.588:WARNING:spdy_session.cc(2978)] Received HEADERS for invalid stream 29
[0227/043134.809:WARNING:spdy_session.cc(2710)] Received RST for invalid stream3
[0227/043136.978:ERROR:ssl_client_socket_impl.cc(970)] handshake failed; returned -1, SSL error code 1, net_error -200
[0227/044851.043:ERROR:ssl_client_socket_impl.cc(970)] handshake failed; returned -1, SSL error code 1, net_error -202
[0227/044853.755:ERROR:ssl_client_socket_impl.cc(970)] handshake failed; returned -1, SSL error code 1, net_error -202
[0227/044911.908:ERROR:ssl_client_socket_impl.cc(970)] handshake failed; returned -1, SSL error code 1, net_error -202
[0227/044914.256:ERROR:ssl_client_socket_impl.cc(970)] handshake failed; returned -1, SSL error code 1, net_error -202
